<?xml version="1.0" encoding="UTF-8"?>
<!-- Generated by org.testng.reporters.JUnitReportReporter -->
<testsuite hostname="DESKTOP-87CCJTF" failures="0" tests="1" name="GoogleSearch" time="23.920" errors="0" timestamp="2024-01-24T19:29:28 IST" skipped="0">
  <testcase classname="GoogleSearch" name="textSearch" time="23.920"/>
</testsuite> <!-- GoogleSearch -->
